<?xml version="1.0" encoding="UTF-8"?>
<!-- Generated by org.testng.reporters.JUnitReportReporter -->
<testsuite skipped="0" hostname="DESKTOP-21E8CQR" name="com.hybrid.qa.testcases.LoginPageTest" tests="1" failures="0" timestamp="28 May 2020 19:49:59 GMT" time="36.520" errors="0">
  <testcase name="validateLoginPageTitleTest" time="36.520" classname="com.hybrid.qa.testcases.LoginPageTest"/>
</testsuite> <!-- com.hybrid.qa.testcases.LoginPageTest -->
