<?xml version="1.0" encoding="UTF-8"?>
<!-- Generated by org.testng.reporters.JUnitReportReporter -->
<testsuite skipped="0" hostname="DESKTOP-21E8CQR" name="com.hybrid.qa.testcases.LoginPageTest" tests="1" failures="0" timestamp="28 May 2020 20:29:53 GMT" time="21.741" errors="0">
  <testcase name="validateLoginPageTitleTest" time="21.741" classname="com.hybrid.qa.testcases.LoginPageTest"/>
</testsuite> <!-- com.hybrid.qa.testcases.LoginPageTest -->
