<?xml version="1.0" encoding="UTF-8"?>
<!-- Generated by org.testng.reporters.JUnitReportReporter -->
<testsuite skipped="0" hostname="DESKTOP-21E8CQR" name="com.hybrid.qa.testcases.LoginPageTest" tests="1" failures="0" timestamp="31 May 2020 11:27:55 GMT" time="48.572" errors="0">
  <testcase name="validateLoginPageTitleTest" time="48.572" classname="com.hybrid.qa.testcases.LoginPageTest"/>
</testsuite> <!-- com.hybrid.qa.testcases.LoginPageTest -->
